<?xml version="1.0" encoding="UTF-8"?>
<!-- Generated by org.testng.reporters.JUnitReportReporter -->
<testsuite hostname="Kuresh" failures="0" tests="1" name="kureshtestingwork.Appium.LongPress" time="14.046" errors="0" timestamp="2024-04-29T13:28:23 IST" skipped="0">
  <testcase classname="kureshtestingwork.Appium.LongPress" name="longPress" time="14.046"/>
</testsuite> <!-- kureshtestingwork.Appium.LongPress -->
