<?xml version="1.0" encoding="UTF-8"?>
<!-- Generated by org.testng.reporters.JUnitReportReporter -->
<testsuite hostname="Kuresh" failures="0" tests="1" name="kureshtestingwork.Appium.LongPress" time="13.575" errors="0" timestamp="2024-04-28T18:04:54 IST" skipped="0">
  <testcase classname="kureshtestingwork.Appium.LongPress" name="longPress" time="13.575"/>
</testsuite> <!-- kureshtestingwork.Appium.LongPress -->
