<?xml version="1.0" encoding="UTF-8"?>
<!-- Generated by org.testng.reporters.JUnitReportReporter -->
<testsuite hostname="Kuresh" failures="0" tests="1" name="kureshtestingwork.Appium.ScrollDemo" time="2.521" errors="0" timestamp="2024-04-29T16:56:10 IST" skipped="0">
  <testcase classname="kureshtestingwork.Appium.ScrollDemo" name="ScrollDemoTest" time="2.521"/>
</testsuite> <!-- kureshtestingwork.Appium.ScrollDemo -->
