<?xml version="1.0" encoding="UTF-8"?>
<!-- Generated by org.testng.reporters.JUnitReportReporter -->
<testsuite hostname="Kuresh" failures="0" tests="1" name="kureshtestingwork.Appium.SwipeDemo" time="7.843" errors="0" timestamp="2024-04-29T16:18:34 IST" skipped="0">
  <testcase classname="kureshtestingwork.Appium.SwipeDemo" name="SwapDemoTest" time="7.843"/>
</testsuite> <!-- kureshtestingwork.Appium.SwipeDemo -->
