<?xml version="1.0" encoding="UTF-8"?>
<!-- Generated by org.testng.reporters.JUnitReportReporter -->
<testsuite hostname="Kuresh" failures="0" tests="1" name="kureshtestingwork.Appium.appTest" time="2.052" errors="0" timestamp="2024-04-28T11:55:53 IST" skipped="0">
  <testcase classname="kureshtestingwork.Appium.appTest" name="AppiumTest" time="2.052"/>
</testsuite> <!-- kureshtestingwork.Appium.appTest -->
