<?xml version="1.0" encoding="UTF-8"?>
<!-- Generated by org.testng.reporters.JUnitReportReporter -->
<testsuite hostname="Kuresh" failures="0" tests="1" name="kureshtestingwork.Appium.appTest" time="44.992" errors="0" timestamp="2024-04-27T20:24:38 IST" skipped="0">
  <testcase classname="kureshtestingwork.Appium.appTest" name="AppiumTest" time="44.992"/>
</testsuite> <!-- kureshtestingwork.Appium.appTest -->
